<?xml version="1.0" encoding="UTF-8"?>
<!-- Generated by org.testng.reporters.JUnitXMLReporter -->
<testsuite ignored="4" hostname="QT-INBG-LT1221" failures="0" tests="2" name="Test" time="24.304" errors="0" timestamp="2023-04-28T18:16:18 IST">
  <testcase classname="testBase.BaseClass" name="@BeforeMethod Salesportal" time="3.153">
    <failure type="java.lang.AssertionError" message="null">
      <![CDATA[java.lang.AssertionError: null
at testBase.BaseClass.Salesportal(BaseClass.java:180)
at java.base/java.util.ArrayList.forEach(ArrayList.java:1511)
... Removed 33 stack frames]]>
    </failure>
  </testcase> <!-- @BeforeMethod Salesportal -->
  <testcase classname="testBase.BaseClass" name="@AfterMethod saleshomepage" time="0.0">
    <skipped/>
  </testcase> <!-- @AfterMethod saleshomepage -->
  <testcase classname="testBase.BaseClass" name="@BeforeMethod Salesportal" time="0.0">
    <failure type="java.lang.NullPointerException" message="Cannot invoke &amp;quot;org.apache.logging.log4j.Logger.info(String)&amp;quot; because &amp;quot;this.logger&amp;quot; is null">
      <![CDATA[java.lang.NullPointerException: Cannot invoke "org.apache.logging.log4j.Logger.info(String)" because "this.logger" is null
at testBase.BaseClass.Salesportal(BaseClass.java:179)
at java.base/java.util.ArrayList.forEach(ArrayList.java:1511)
... Removed 31 stack frames]]>
    </failure>
  </testcase> <!-- @BeforeMethod Salesportal -->
  <testcase classname="testBase.BaseClass" name="@AfterMethod saleshomepage" time="0.0">
    <skipped/>
  </testcase> <!-- @AfterMethod saleshomepage -->
  <testcase classname="testCases.accounts.TC_01_Create_Account" name="CreateAccount" time="0.0">
    <skipped/>
  </testcase> <!-- CreateAccount -->
  <testcase classname="testCases.accounts.TC_02_Delete_Account" name="Delete_account" time="0.0">
    <skipped/>
  </testcase> <!-- Delete_account -->
  <testcase classname="testBase.BaseClass" name="@BeforeSuite setup" time="0.0">
    <ignored/>
  </testcase> <!-- @BeforeSuite setup -->
  <testcase classname="testBase.BaseClass" name="@AfterTest logout" time="0.0">
    <ignored/>
  </testcase> <!-- @AfterTest logout -->
  <testcase classname="testBase.BaseClass" name="@AfterSuite teardown" time="0.0">
    <ignored/>
  </testcase> <!-- @AfterSuite teardown -->
  <testcase classname="testBase.BaseClass" name="@BeforeTest login" time="0.0">
    <ignored/>
  </testcase> <!-- @BeforeTest login -->
</testsuite> <!-- Test -->
