<?xml version="1.0" encoding="UTF-8"?>
<!-- Generated by org.testng.reporters.JUnitXMLReporter -->
<testsuite ignored="4" hostname="QT-INBG-LT1221" failures="0" tests="2" name="Test" time="12.828" errors="0" timestamp="2023-05-26T22:12:46 IST">
  <testcase classname="testBase.BaseClass" name="@BeforeTest login" time="12.432">
    <failure type="java.lang.AssertionError" message="expected [true] but found [false]">
      <![CDATA[java.lang.AssertionError: expected [true] but found [false]
at testBase.BaseClass.login(BaseClass.java:112)
... Removed 35 stack frames]]>
    </failure>
  </testcase> <!-- @BeforeTest login -->
  <testcase classname="testBase.BaseClass" name="@BeforeMethod Salesportal" time="0.0">
    <skipped/>
  </testcase> <!-- @BeforeMethod Salesportal -->
  <testcase classname="testBase.BaseClass" name="@AfterMethod saleshomepage" time="0.0">
    <skipped/>
  </testcase> <!-- @AfterMethod saleshomepage -->
  <testcase classname="testBase.BaseClass" name="@BeforeMethod Salesportal" time="0.0">
    <skipped/>
  </testcase> <!-- @BeforeMethod Salesportal -->
  <testcase classname="testBase.BaseClass" name="@AfterMethod saleshomepage" time="0.0">
    <skipped/>
  </testcase> <!-- @AfterMethod saleshomepage -->
  <testcase classname="testBase.BaseClass" name="@AfterTest logout" time="0.0">
    <skipped/>
  </testcase> <!-- @AfterTest logout -->
  <testcase classname="testCases.accounts.TC_01_Create_Account" name="CreateAccount" time="0.0">
    <skipped/>
  </testcase> <!-- CreateAccount -->
  <testcase classname="testCases.accounts.TC_02_Delete_Account" name="Delete_account" time="0.0">
    <skipped/>
  </testcase> <!-- Delete_account -->
  <testcase classname="testBase.BaseClass" name="@BeforeSuite setup" time="0.0">
    <ignored/>
  </testcase> <!-- @BeforeSuite setup -->
  <testcase classname="testBase.BaseClass" name="@BeforeTest login" time="0.0">
    <ignored/>
  </testcase> <!-- @BeforeTest login -->
  <testcase classname="testBase.BaseClass" name="@AfterSuite teardown" time="0.0">
    <ignored/>
  </testcase> <!-- @AfterSuite teardown -->
  <testcase classname="testBase.BaseClass" name="@AfterTest logout" time="0.0">
    <ignored/>
  </testcase> <!-- @AfterTest logout -->
</testsuite> <!-- Test -->
